<?xml version="1.0" encoding="UTF-8"?>
<!-- Generated by org.testng.reporters.JUnitXMLReporter -->
<testsuite ignored="0" hostname="VJ-ThinkVersion" failures="1" tests="7" name="Surefire test" time="18.1" errors="0" timestamp="2023-06-15T10:06:01 IST">
  <testcase classname="test.ForgetPasswordTest" name="EmailCheck" time="0.734"/>
  <testcase classname="test.ForgetPasswordTest" name="EmailfieldValidaiton" time="1.138"/>
  <testcase classname="test.LoginModuleTest" name="InvalidLoginValidPassword" time="1.04"/>
  <testcase classname="test.LoginModuleTest" name="ValidUsernameInvalidPassword" time="0.814"/>
  <testcase classname="test.RegistrationModuleTest" name="FullNameValid" time="2.933"/>
  <testcase classname="test.RegistrationModuleTest" name="LoginNameValid" time="1.726"/>
  <testcase classname="test.RegistrationModuleTest" name="MobileFieldValidation" time="0.081">
    <failure type="org.openqa.selenium.UnhandledAlertException" message="unexpected alert open: {Alert text : Login Name Already Exist!}
  (Session info: chrome=114.0.5735.110): Login Name Already Exist!
Build info: version: &amp;apos;4.9.0&amp;apos;, revision: &amp;apos;d7057100a6&amp;apos;
System info: os.name: &amp;apos;Windows 11&amp;apos;, os.arch: &amp;apos;amd64&amp;apos;, os.version: &amp;apos;10.0&amp;apos;, java.version: &amp;apos;17.0.2&amp;apos;
Driver info: org.openqa.selenium.chrome.ChromeDriver
Command: [c31c8eac6163afc8e6b1f9c78c0b755b, findElement {using=link text, value=eTicket Login}]
Capabilities {acceptInsecureCerts: false, browserName: chrome, browserVersion: 114.0.5735.110, chrome: {chromedriverVersion: 114.0.5735.90 (386bc09e8f4f..., userDataDir: C:\Users\vjred\AppData\Loca...}, goog:chromeOptions: {debuggerAddress: localhost:52120}, networkConnectionEnabled: false, pageLoadStrategy: normal, platformName: WINDOWS, proxy: Proxy(), se:cdp: ws://localhost:52120/devtoo..., se:cdpVersion: 114.0.5735.110, setWindowRect: true, strictFileInteractability: false, timeouts: {implicit: 0, pageLoad: 300000, script: 30000}, unhandledPromptBehavior: dismiss and notify, webauthn:extension:credBlob: true, webauthn:extension:largeBlob: true, webauthn:extension:minPinLength: true, webauthn:extension:prf: true, webauthn:virtualAuthenticators: true}
Session ID: c31c8eac6163afc8e6b1f9c78c0b755b">
      <![CDATA[org.openqa.selenium.UnhandledAlertException: unexpected alert open: {Alert text : Login Name Already Exist!}
  (Session info: chrome=114.0.5735.110): Login Name Already Exist!
Build info: version: '4.9.0', revision: 'd7057100a6'
System info: os.name: 'Windows 11', os.arch: 'amd64', os.version: '10.0', java.version: '17.0.2'
Driver info: org.openqa.selenium.chrome.ChromeDriver
Command: [c31c8eac6163afc8e6b1f9c78c0b755b, findElement {using=link text, value=eTicket Login}]
Capabilities {acceptInsecureCerts: false, browserName: chrome, browserVersion: 114.0.5735.110, chrome: {chromedriverVersion: 114.0.5735.90 (386bc09e8f4f..., userDataDir: C:\Users\vjred\AppData\Loca...}, goog:chromeOptions: {debuggerAddress: localhost:52120}, networkConnectionEnabled: false, pageLoadStrategy: normal, platformName: WINDOWS, proxy: Proxy(), se:cdp: ws://localhost:52120/devtoo..., se:cdpVersion: 114.0.5735.110, setWindowRect: true, strictFileInteractability: false, timeouts: {implicit: 0, pageLoad: 300000, script: 30000}, unhandledPromptBehavior: dismiss and notify, webauthn:extension:credBlob: true, webauthn:extension:largeBlob: true, webauthn:extension:minPinLength: true, webauthn:extension:prf: true, webauthn:virtualAuthenticators: true}
Session ID: c31c8eac6163afc8e6b1f9c78c0b755b
at org.openqa.selenium.remote.codec.w3c.W3CHttpResponseCodec.decode(W3CHttpResponseCodec.java:131)
at org.openqa.selenium.remote.codec.w3c.W3CHttpResponseCodec.decode(W3CHttpResponseCodec.java:53)
at org.openqa.selenium.remote.HttpCommandExecutor.execute(HttpCommandExecutor.java:193)
at org.openqa.selenium.remote.service.DriverCommandExecutor.invokeExecute(DriverCommandExecutor.java:183)
at org.openqa.selenium.remote.service.DriverCommandExecutor.execute(DriverCommandExecutor.java:158)
at org.openqa.selenium.remote.RemoteWebDriver.execute(RemoteWebDriver.java:543)
at org.openqa.selenium.remote.ElementLocation$ElementFinder$2.findElement(ElementLocation.java:162)
at org.openqa.selenium.remote.ElementLocation.findElement(ElementLocation.java:60)
at org.openqa.selenium.remote.RemoteWebDriver.findElement(RemoteWebDriver.java:352)
at org.openqa.selenium.remote.RemoteWebDriver.findElement(RemoteWebDriver.java:344)
at objectRepository.HomePageRepo.EticketLogin(HomePageRepo.java:23)
at test.RegistrationModuleTest.MobileFieldValidation(RegistrationModuleTest.java:85)
at java.base/java.util.ArrayList.forEach(ArrayList.java:1511)
... Removed 32 stack frames]]>
    </failure>
  </testcase> <!-- MobileFieldValidation -->
</testsuite> <!-- Surefire test -->
