<?xml version="1.0" encoding="UTF-8"?>
<!-- Generated by org.testng.reporters.JUnitXMLReporter -->
<testsuite ignored="4" hostname="VJ-ThinkVersion" failures="0" tests="3" name="Test" time="26.797" errors="0" timestamp="2023-06-15T10:36:29 IST">
  <testcase classname="test.RegistrationModuleTest" name="FullNameValid" time="3.099"/>
  <testcase classname="test.LoginModuleTest" name="ValidUsernameInvalidPassword" time="1.549"/>
  <testcase classname="test.ForgetPasswordTest" name="EmailfieldValidaiton" time="1.039"/>
  <testcase classname="test.RegistrationModuleTest" name="MobileFieldValidation" time="0.0">
    <ignored/>
  </testcase> <!-- MobileFieldValidation -->
  <testcase classname="test.ForgetPasswordTest" name="EmailCheck" time="0.0">
    <ignored/>
  </testcase> <!-- EmailCheck -->
  <testcase classname="test.LoginModuleTest" name="InvalidLoginValidPassword" time="0.0">
    <ignored/>
  </testcase> <!-- InvalidLoginValidPassword -->
  <testcase classname="test.RegistrationModuleTest" name="LoginNameValid" time="0.0">
    <ignored/>
  </testcase> <!-- LoginNameValid -->
</testsuite> <!-- Test -->
