<?xml version="1.0" encoding="UTF-8"?>
<!-- Generated by org.testng.reporters.JUnitXMLReporter -->
<testsuite ignored="0" hostname="VJ-ThinkVersion" failures="0" tests="17" name="Apsrtc Application" time="9.145" errors="0" timestamp="2023-06-02T11:02:25 IST">
  <testcase classname="base.GalleryWalletTest" name="ViewGallery" time="0.003"/>
  <testcase classname="base.GalleryWalletTest" name="ViewWalletinfo" time="0.001"/>
  <testcase classname="base.HomeModuleTest" name="BookTicket" time="0.0"/>
  <testcase classname="base.HomeModuleTest" name="SearchBuses" time="0.0"/>
  <testcase classname="base.RegistrationModuleTest" name="NegativeFullname" time="0.001"/>
  <testcase classname="base.RegistrationModuleTest" name="NegativeValidEmail" time="0.001"/>
  <testcase classname="base.RegistrationModuleTest" name="NegativeValidLoginFullname" time="0.0"/>
  <testcase classname="base.RegistrationModuleTest" name="NegativeValidMobilenum" time="0.001"/>
  <testcase classname="base.RegistrationModuleTest" name="SuccessfulRegis" time="0.001"/>
  <testcase classname="base.SignInModuleTest" name="SuccessfulRegistration" time="0.001"/>
  <testcase classname="base.SignInModuleTest" name="Forgetpassword" time="0.001"/>
  <testcase classname="base.SignInModuleTest" name="SiginNegValidation" time="0.001"/>
  <testcase classname="base.SignInModuleTest" name="SuccessfSigin" time="5.792"/>
  <testcase classname="base.SignInModuleTest" name="SuccessfSigin" time="3.288"/>
  <testcase classname="base.TicketStatusTest" name="ServiceStatus" time="0.001"/>
  <testcase classname="base.TicketStatusTest" name="TicketEnquiry" time="0.002"/>
  <testcase classname="base.TicketStatusTest" name="TransactionStatus" time="0.001"/>
</testsuite> <!-- Apsrtc Application -->
