<?xml version="1.0" encoding="UTF-8"?>
<!-- Generated by org.testng.reporters.JUnitXMLReporter -->
<testsuite ignored="0" hostname="VJ-ThinkVersion" failures="0" tests="7" name="HomePageModule" time="0.012" errors="0" timestamp="2023-06-02T10:26:52 IST">
  <testcase classname="base.HomeModuleTest" name="BookTicket" time="0.0"/>
  <testcase classname="base.HomeModuleTest" name="SearchBuses" time="0.001"/>
  <testcase classname="base.GalleryWalletTest" name="ViewGallery" time="0.001"/>
  <testcase classname="base.GalleryWalletTest" name="ViewWalletinfo" time="0.0"/>
  <testcase classname="base.TicketStatusTest" name="ServiceStatus" time="0.001"/>
  <testcase classname="base.TicketStatusTest" name="TicketEnquiry" time="0.001"/>
  <testcase classname="base.TicketStatusTest" name="TransactionStatus" time="0.0"/>
</testsuite> <!-- HomePageModule -->
