<?xml version="1.0" encoding="UTF-8"?>
<!-- Generated by org.testng.reporters.JUnitXMLReporter -->
<testsuite ignored="0" hostname="VJ-ThinkVersion" failures="0" tests="8" name="LoginModule" time="0.063" errors="0" timestamp="2023-05-31T10:27:33 IST">
  <testcase classname="base.SignInModuleTest" name="Forgetpassword" time="0.01"/>
  <testcase classname="base.SignInModuleTest" name="SiginNegValidation" time="0.001"/>
  <testcase classname="base.SignInModuleTest" name="SuccessfSigin" time="0.002"/>
  <testcase classname="base.RegistrationModuleTest" name="NegativeFullname" time="0.001"/>
  <testcase classname="base.RegistrationModuleTest" name="NegativeValidEmail" time="0.002"/>
  <testcase classname="base.RegistrationModuleTest" name="NegativeValidLoginFullname" time="0.001"/>
  <testcase classname="base.RegistrationModuleTest" name="NegativeValidMobilenum" time="0.001"/>
  <testcase classname="base.RegistrationModuleTest" name="SuccessfulRegis" time="0.001"/>
</testsuite> <!-- LoginModule -->
